2025-01-08 10:50:36 - ERROR - Ошибка: Файл neural_network_model.pkl не найден.. Скорее всего, Вы не выполнили предварительно тренировку нейронной сети.
2025-01-08 10:50:37 - ERROR - Ошибка: Файл neural_network_model.pkl не найден.. Скорее всего, Вы не выполнили предварительно тренировку нейронной сети.
2025-01-08 10:57:41 - ERROR - Ошибка: Ошибка при запросе к API: 403
2025-01-08 10:57:42 - ERROR - Ошибка: Ошибка при запросе к API: 403
2025-01-08 10:57:50 - ERROR - Ошибка: Ошибка при запросе к API: 403
2025-01-08 10:57:50 - ERROR - Ошибка: Ошибка при запросе к API: 403
2025-01-08 10:57:56 - ERROR - Ошибка: Ошибка при запросе к API: 403
2025-01-08 10:58:19 - ERROR - Ошибка: Ошибка при запросе к API: 403
2025-01-08 10:58:20 - ERROR - Ошибка: Ошибка при запросе к API: 403
2025-01-08 10:58:21 - ERROR - Ошибка: Ошибка при запросе к API: 403
2025-01-08 10:58:21 - ERROR - Ошибка: Ошибка при запросе к API: 403
2025-01-08 10:58:21 - ERROR - Ошибка: Ошибка при запросе к API: 403
2025-01-08 10:59:08 - ERROR - Ошибка: Ошибка при запросе к API: 403
2025-01-08 10:59:09 - ERROR - Ошибка: Ошибка при запросе к API: 403
2025-01-08 10:59:14 - ERROR - Ошибка: Ошибка при запросе к API: 403
2025-01-08 11:22:19 - ERROR - Ошибка: `np.asfarray` was removed in the NumPy 2.0 release. Use `np.asarray` with a proper dtype instead.
2025-01-08 11:22:20 - ERROR - Ошибка: `np.asfarray` was removed in the NumPy 2.0 release. Use `np.asarray` with a proper dtype instead.
2025-01-08 11:22:40 - ERROR - Ошибка: `np.asfarray` was removed in the NumPy 2.0 release. Use `np.asarray` with a proper dtype instead.
2025-01-08 11:24:08 - ERROR - Ошибка: `np.asfarray` was removed in the NumPy 2.0 release. Use `np.asarray` with a proper dtype instead.
2025-01-08 11:24:09 - ERROR - Ошибка: `np.asfarray` was removed in the NumPy 2.0 release. Use `np.asarray` with a proper dtype instead.
2025-01-08 11:24:27 - ERROR - Ошибка: `np.asfarray` was removed in the NumPy 2.0 release. Use `np.asarray` with a proper dtype instead.
2025-01-08 12:40:30 - ERROR - Ошибка: Ошибка при запросе к API: 400
2025-01-08 12:40:30 - ERROR - Ошибка: Ошибка при запросе к API: 400
2025-01-08 12:40:31 - ERROR - Ошибка: Ошибка при запросе к API: 400
2025-01-08 12:40:31 - ERROR - Ошибка: Ошибка при запросе к API: 400
2025-01-08 12:40:31 - ERROR - Ошибка: Ошибка при запросе к API: 400
2025-01-08 12:40:32 - ERROR - Ошибка: Ошибка при запросе к API: 400
2025-01-08 12:40:32 - ERROR - Ошибка: Ошибка при запросе к API: 400
2025-01-08 12:40:33 - ERROR - Ошибка: Ошибка при запросе к API: 400
2025-01-08 12:40:33 - ERROR - Ошибка: Ошибка при запросе к API: 400
2025-01-08 12:40:37 - ERROR - Ошибка: Ошибка при запросе к API: 400
2025-01-08 12:40:37 - ERROR - Ошибка: Ошибка при запросе к API: 400
2025-01-08 12:40:46 - ERROR - Ошибка: Ошибка при запросе к API: 400
2025-01-08 12:40:47 - ERROR - Ошибка: Ошибка при запросе к API: 400
2025-01-08 12:40:52 - ERROR - Ошибка: Ошибка при запросе к API: 400
2025-01-08 12:40:53 - ERROR - Ошибка: Ошибка при запросе к API: 400
2025-01-08 13:30:26 - ERROR - Ошибка: Ошибка при запросе к API: 400
2025-01-08 13:30:33 - ERROR - Ошибка: Ошибка при запросе к API: 400
2025-01-08 13:30:34 - ERROR - Ошибка: Ошибка при запросе к API: 400
2025-01-08 13:30:35 - ERROR - Ошибка: Ошибка при запросе к API: 400
2025-01-08 13:30:35 - ERROR - Ошибка: Ошибка при запросе к API: 400
2025-01-08 13:30:42 - ERROR - Ошибка: Ошибка при запросе к API: 400
2025-01-08 13:32:10 - ERROR - Ошибка: Ошибка при запросе к API: 400
2025-01-08 13:32:15 - ERROR - Ошибка: Ошибка при запросе к API: 400
2025-01-08 13:33:04 - ERROR - Ошибка: Ошибка при запросе к API: 400
2025-01-08 13:33:10 - ERROR - Ошибка: Ошибка при запросе к API: 400
2025-01-08 13:33:11 - ERROR - Ошибка: Ошибка при запросе к API: 400
2025-01-08 13:33:16 - ERROR - Ошибка: Ошибка при запросе к API: 400
2025-01-08 14:24:06 - ERROR - Ошибка: Ошибка при запросе к API: 400
2025-02-23 15:05:08 - ERROR - Ошибка: Ошибка при запросе к API: 400
2025-02-23 15:05:15 - ERROR - Ошибка: Ошибка при запросе к API: 400
2025-04-26 10:42:01 - ERROR - Ошибка: setting an array element with a sequence. The requested array has an inhomogeneous shape after 1 dimensions. The detected shape was (8,) + inhomogeneous part.
2025-04-26 10:42:04 - ERROR - Ошибка: setting an array element with a sequence. The requested array has an inhomogeneous shape after 1 dimensions. The detected shape was (8,) + inhomogeneous part.
2025-04-27 11:28:09 - ERROR - Ошибка: Ошибка при запросе к API: 400
2025-04-27 11:28:40 - ERROR - Ошибка: Ошибка при запросе к API: 400
2025-04-27 11:28:45 - ERROR - Ошибка: Ошибка при запросе к API: 400
2025-04-27 11:28:46 - ERROR - Ошибка: Ошибка при запросе к API: 400
2025-04-27 11:28:46 - ERROR - Ошибка: Ошибка при запросе к API: 400
2025-04-27 11:28:47 - ERROR - Ошибка: Ошибка при запросе к API: 400
2025-04-27 11:28:47 - ERROR - Ошибка: Ошибка при запросе к API: 400
2025-04-27 11:28:47 - ERROR - Ошибка: Ошибка при запросе к API: 400
2025-04-27 11:28:48 - ERROR - Ошибка: Ошибка при запросе к API: 400
2025-04-27 11:28:48 - ERROR - Ошибка: Ошибка при запросе к API: 400
2025-04-27 11:28:48 - ERROR - Ошибка: Ошибка при запросе к API: 400
2025-04-27 11:28:48 - ERROR - Ошибка: Ошибка при запросе к API: 400
2025-04-27 11:28:48 - ERROR - Ошибка: Ошибка при запросе к API: 400
2025-04-27 11:28:48 - ERROR - Ошибка: Ошибка при запросе к API: 400
2025-04-27 11:28:48 - ERROR - Ошибка: Ошибка при запросе к API: 400
2025-04-27 12:09:26 - ERROR - Ошибка: Ошибка при запросе к API: 400
2025-04-27 12:09:29 - ERROR - Ошибка: Ошибка при запросе к API: 400
2025-04-27 12:09:48 - ERROR - Ошибка: Ошибка при запросе к API: 400
2025-04-27 12:10:11 - ERROR - Ошибка: Ошибка при запросе к API: 400
2025-05-06 09:24:17 - ERROR - Неизвестная ошибка: invalid load key, 'H'.
2025-05-06 09:24:23 - ERROR - Неизвестная ошибка: invalid load key, 'H'.
2025-05-06 09:24:44 - ERROR - Неизвестная ошибка: invalid load key, 'H'.
2025-05-06 09:26:30 - ERROR - Неизвестная ошибка: invalid load key, 'H'.
2025-05-07 07:54:28 - ERROR - Ошибка: ('Connection aborted.', ConnectionAbortedError(10053, 'Программа на вашем хост-компьютере разорвала установленное подключение', None, 10053, None))
2025-05-09 18:09:50 - ERROR - Ошибка: Ошибка при запросе к API: 502
2025-05-09 18:09:53 - ERROR - Ошибка: Ошибка при запросе к API: 502
2025-05-09 18:10:08 - ERROR - Ошибка: Ошибка при запросе к API: 502
